<?xml version="1.0" encoding="UTF-8"?>
<testng-results ignored="0" total="1" passed="1" failed="0" skipped="0">
  <reporter-output>
  </reporter-output>
  <suite started-at="2025-01-01T22:08:00 IST" name="Default suite" finished-at="2025-01-01T22:08:06 IST" duration-ms="6057">
    <groups>
    </groups>
    <test started-at="2025-01-01T22:08:00 IST" name="Default test" finished-at="2025-01-01T22:08:06 IST" duration-ms="6057">
      <class name="POMProject.testcases.NavigationwithTestNg">
        <test-method is-config="true" signature="setupdriver()[pri:0, instance:POMProject.testcases.NavigationwithTestNg@73a1e9a9]" started-at="2025-01-01T22:08:00 IST" name="setupdriver" finished-at="2025-01-01T22:08:02 IST" duration-ms="2213" status="PASS">
          <reporter-output>
          </reporter-output>
        </test-method> <!-- setupdriver -->
        <test-method signature="googlesearch()[pri:0, instance:POMProject.testcases.NavigationwithTestNg@73a1e9a9]" started-at="2025-01-01T22:08:02 IST" name="googlesearch" finished-at="2025-01-01T22:08:05 IST" duration-ms="3435" status="PASS">
          <reporter-output>
          </reporter-output>
        </test-method> <!-- googlesearch -->
        <test-method is-config="true" signature="closebrowser()[pri:0, instance:POMProject.testcases.NavigationwithTestNg@73a1e9a9]" started-at="2025-01-01T22:08:05 IST" name="closebrowser" finished-at="2025-01-01T22:08:06 IST" duration-ms="362" status="PASS">
          <reporter-output>
          </reporter-output>
        </test-method> <!-- closebrowser -->
      </class> <!-- POMProject.testcases.NavigationwithTestNg -->
    </test> <!-- Default test -->
  </suite> <!-- Default suite -->
</testng-results>
